Info: [VCS_SAVE_RESTORE_INFO] ASLR (Address Space Layout Randomization) is detected on the machine. To enable $save functionality, ASLR will be switched off and simv re-executed.
Please use '-no_save' simv switch to avoid this.

                           Design Compiler Graphical 
                                 DC Ultra (TM)
                                  DFTMAX (TM)
                              Power Compiler (TM)
                                 DesignWare (R)
                                 DC Expert (TM)
                               Design Vision (TM)
                               HDL Compiler (TM)
                               VHDL Compiler (TM)
                                  DFT Compiler
                               Design Compiler(R)

               Version W-2024.09-SP4 for linux64 - Feb 26, 2025 

                    Copyright (c) 1988 - 2025 Synopsys, Inc.
   This software and the associated documentation are proprietary to Synopsys,
 Inc. This software may only be used in accordance with the terms and conditions
 of a written license agreement with Synopsys, Inc. All other use, reproduction,
   or distribution of this software is strictly prohibited.  Licensed Products
     communicate with Synopsys servers for the purpose of providing software
    updates, detecting software piracy and verifying that customers are using
    Licensed Products in conformity with the applicable License Key for such
  Licensed Products. Synopsys will use information gathered in connection with
    this process to deliver software updates and pursue software pirates and
                                   infringers.

 Inclusivity & Diversity - Visit SolvNetPlus to read the "Synopsys Statement on
            Inclusivity and Diversity" (Refer to article 000036315 at
                        https://solvnetplus.synopsys.com)
Initializing...
Initializing gui preferences from file  /home/ecegridfs/a/337mg193/.synopsys_dc_gui/preferences.tcl
Current time:       Wed Apr 15 21:47:49 2026
Hostname:           ececomp1.ecn.purdue.edu
CPU Model:          AMD EPYC 7513 32-Core Processor
CPU Details:        Cores = 128 : Sockets = 2 : Cache Size = 512 KB : Freq = 2.60 GHz
OS:                 Linux 4.18.0-553.111.1.el8_10.x86_64
RAM:                502 GB (Free  61 GB)
Swap:                63 GB (Free  60 GB)
Work Filesystem:    /home/ecegridfs/a mounted to ecegridfs.ecn.purdue.edu:/export/home/a
Tmp Filesystem:     /tmp mounted to tmpfs
Work Disk:          2968 GB (Free 420 GB)
Tmp Disk:            19 GB (Free  18 GB)

CPU Load: 17%, Ram Free: 61 GB, Swap Free: 60 GB, Work Disk Free: 420 GB, Tmp Disk Free: 18 GB
############################################
#
# Auto-generated project tcl file:
#  * sets up variable
#  * runs customized script
#
############################################
sh date
Wed Apr 15 21:47:49 EDT 2026
set TOP_MODULE usb_tx
usb_tx
set DC_SCRIPT synth.tcl
synth.tcl
set READ_SOURCES u337mg158_ece337_usb_tx_1.0.0-read-sources
u337mg158_ece337_usb_tx_1.0.0-read-sources
set SCRIPT_DIR src/u337mg158_ece337_synfiles_0
src/u337mg158_ece337_synfiles_0
set REPORT_DIR reports
reports
sh mkdir -p ${REPORT_DIR}
set target_library /home/ecegrid/a/ece337/summer24-refactor/tech/ami05/osu05_stdcells.db
/home/ecegrid/a/ece337/summer24-refactor/tech/ami05/osu05_stdcells.db
set link_library   [concat "*"  /home/ecegrid/a/ece337/summer24-refactor/tech/ami05/osu05_stdcells.db dw_foundation.sldb]
* /home/ecegrid/a/ece337/summer24-refactor/tech/ami05/osu05_stdcells.db dw_foundation.sldb
############################################
#
# Run custom script
#
############################################
source ${SCRIPT_DIR}/${DC_SCRIPT}
Running PRESTO HDLC
Compiling source file ./src/u337mg158_ece337_flex_counter_1.0.0/source/flex_counter.sv
Presto compilation completed successfully.
Loading db file '/home/ecegrid/a/ece337/summer24-refactor/tech/ami05/osu05_stdcells.db'
Loading db file '/package/eda/synopsys/syn/W-2024.09-SP4/libraries/syn/dw_foundation.sldb'
Running PRESTO HDLC
Compiling source file ./src/u337mg158_ece337_flex_sr_1.0.0/source/flex_sr.sv
Presto compilation completed successfully.
Running PRESTO HDLC
Compiling source file ./src/u337mg158_ece337_usb_tx_1.0.0/source/usb_tx.sv
Presto compilation completed successfully.
Loading db file '/package/eda/synopsys/syn/W-2024.09-SP4/libraries/syn/gtech.db'
Loading db file '/package/eda/synopsys/syn/W-2024.09-SP4/libraries/syn/standard.sldb'
  Loading link library 'osu05_stdcells'
  Loading link library 'gtech'
Running PRESTO HDLC
Warning:  ./src/u337mg158_ece337_usb_tx_1.0.0/source/usb_tx.sv:60: DEFAULT branch of CASE statement cannot be reached. (ELAB-311)

Statistics for case statements in always block in file
	'./src/u337mg158_ece337_usb_tx_1.0.0/source/usb_tx.sv'
============================================================
|    Line    |  full/ parallel  |      block location      |
============================================================
|     55     |    auto/auto     | always block at line 54  |
|     68     |    auto/auto     | always block at line 64  |
|    214     |    auto/auto     | always block at line 213 |
============================================================

Inferred memory devices in process in routine 'usb_tx' in file
	 ./src/u337mg158_ece337_usb_tx_1.0.0/source/usb_tx.sv'.
==================================================================================
|    Register Name    |   Type    | Width | Bus | MB |  Set  | Reset | ST | Line |
==================================================================================
|   bit_counter_reg   | Flip-flop |   5   |  Y  | N  | None  | Async | N  |  31  |
|  currentState_reg   | Flip-flop |   4   |  Y  | N  | None  | Async | N  |  31  |
|  pattern_state_reg  | Flip-flop |   2   |  Y  | N  | None  | Async | N  | 205  |
|     dp_orig_reg     | Flip-flop |   1   |  N  | N  | Async | None  | N  | 263  |
|    eop_count_reg    | Flip-flop |   2   |  Y  | N  | None  | Async | N  | 263  |
==================================================================================
Presto compilation completed successfully. (usb_tx)
Module: usb_tx, Ports: 24, Input: 19, Output: 5, Inout: 0
Module: usb_tx, Registers: 14, Async set/reset: 14, Sync set/reset: 0
Information: Module usb_tx report end. (ELAB-965)
Elaborated 1 design.
Current design is now 'usb_tx'.
Information: Building the design 'flex_counter' instantiated from design 'usb_tx' with
	the parameters "SIZE=4". (HDL-193)

Inferred memory devices in process in routine 'flex_counter_SIZE4' in file
	 ./src/u337mg158_ece337_flex_counter_1.0.0/source/flex_counter.sv'.
==================================================================================
|    Register Name    |   Type    | Width | Bus | MB |  Set  | Reset | ST | Line |
==================================================================================
|  rollover_flag_reg  | Flip-flop |   1   |  N  | N  | None  | Async | N  |  17  |
|    count_out_reg    | Flip-flop |   4   |  Y  | N  | None  | Async | N  |  17  |
==================================================================================
Presto compilation completed successfully. (flex_counter_SIZE4)
Module: flex_counter_SIZE4, Ports: 13, Input: 8, Output: 5, Inout: 0
Module: flex_counter_SIZE4, Registers: 5, Async set/reset: 5, Sync set/reset: 0
Information: Module flex_counter_SIZE4 report end. (ELAB-965)
Information: Building the design 'flex_sr' instantiated from design 'usb_tx' with
	the parameters "SIZE=8". (HDL-193)

Inferred memory devices in process in routine 'flex_sr_SIZE8' in file
	 ./src/u337mg158_ece337_flex_sr_1.0.0/source/flex_sr.sv'.
==================================================================================
|    Register Name    |   Type    | Width | Bus | MB |  Set  | Reset | ST | Line |
==================================================================================
|  parallel_out_reg   | Flip-flop |   8   |  Y  | N  | Async | None  | N  |  19  |
==================================================================================
Presto compilation completed successfully. (flex_sr_SIZE8)
Module: flex_sr_SIZE8, Ports: 22, Input: 13, Output: 9, Inout: 0
Module: flex_sr_SIZE8, Registers: 8, Async set/reset: 8, Sync set/reset: 0
Information: Module flex_sr_SIZE8 report end. (ELAB-965)
CPU Load: 17%, Ram Free: 61 GB, Swap Free: 60 GB, Work Disk Free: 420 GB, Tmp Disk Free: 18 GB
Information: Checking out the license 'DesignWare'. (SEC-104)
Information: Evaluating DesignWare library utilization. (UISN-27)

============================================================================
| DesignWare Building Block Library  |         Version         | Available |
============================================================================
| Basic DW Building Blocks           | W-2024.09-DWBB_202409.4 |     *     |
| Licensed DW Building Blocks        | W-2024.09-DWBB_202409.4 |     *     |
============================================================================

====================================================================================================
| Flow Information                                                                                 |
----------------------------------------------------------------------------------------------------
| Flow         | Design Compiler                                                                   |
====================================================================================================
| Design Information                                      | Value                                  |
====================================================================================================
| Number of Scenarios                                     | 0                                      |
| Leaf Cell Count                                         | 336                                    |
| Number of User Hierarchies                              | 2                                      |
| Sequential Cell Count                                   | 27                                     |
| Macro Count                                             | 0                                      |
| Pad Count                                               | 0                                      |
| Number of Power Domains                                 | 0                                      |
| Number of Path Groups                                   | 1                                      |
| Number of VT Class                                      | 0                                      |
| Number of Clocks                                        | 0                                      |
| Number of Dont Touch Cells                              | 110                                    |
| Number of Dont Touch Nets                               | 0                                      |
| Number of Size Only Cells                               | 0                                      |
| Design with Target Library Subset (with clock_path)     | false  (false )                        |
| Design with UPF Data                                    | false                                  |
====================================================================================================

Information: There are 12 potential problems in your design. Please run 'check_design' for more information. (LINT-99)



  Beginning Pass 1 Mapping
  ------------------------
  Processing 'flex_sr_SIZE8'
Module: DW01_MUX, Ports: 4, Input: 3, Output: 1, Inout: 0
Module: DW01_MUX, Registers: 0, Async set/reset: 0, Sync set/reset: 0
Module: DW01_mmux_width2, Ports: 7, Input: 5, Output: 2, Inout: 0
Module: DW01_mmux_width2, Registers: 0, Async set/reset: 0, Sync set/reset: 0
Module: DW01_mmux_width3, Ports: 10, Input: 7, Output: 3, Inout: 0
Module: DW01_mmux_width3, Registers: 0, Async set/reset: 0, Sync set/reset: 0
Module: DW01_mmux_width4, Ports: 13, Input: 9, Output: 4, Inout: 0
Module: DW01_mmux_width4, Registers: 0, Async set/reset: 0, Sync set/reset: 0
Module: DW01_mmux_width5, Ports: 16, Input: 11, Output: 5, Inout: 0
Module: DW01_mmux_width5, Registers: 0, Async set/reset: 0, Sync set/reset: 0
Module: DW01_NOT, Ports: 2, Input: 1, Output: 1, Inout: 0
Module: DW01_NOT, Registers: 0, Async set/reset: 0, Sync set/reset: 0
  Processing 'flex_counter_SIZE4'
Module: DW01_inc_width4, Ports: 8, Input: 4, Output: 4, Inout: 0
Module: DW01_inc_width4, Registers: 0, Async set/reset: 0, Sync set/reset: 0
Module: DW01_NAND2, Ports: 3, Input: 2, Output: 1, Inout: 0
Module: DW01_NAND2, Registers: 0, Async set/reset: 0, Sync set/reset: 0
Module: DW01_cmp6_width4, Ports: 15, Input: 9, Output: 6, Inout: 0
Module: DW01_cmp6_width4, Registers: 0, Async set/reset: 0, Sync set/reset: 0
Module: DW01_add_width4, Ports: 14, Input: 9, Output: 5, Inout: 0
Module: DW01_add_width4, Registers: 0, Async set/reset: 0, Sync set/reset: 0
Module: DW01_incdec_width4, Ports: 9, Input: 5, Output: 4, Inout: 0
Module: DW01_incdec_width4, Registers: 0, Async set/reset: 0, Sync set/reset: 0
Information: Added key list 'DesignWare' to design 'flex_counter_SIZE4'. (DDB-72)
  Processing 'usb_tx'
Module: DW01_inc_width5, Ports: 10, Input: 5, Output: 5, Inout: 0
Module: DW01_inc_width5, Registers: 0, Async set/reset: 0, Sync set/reset: 0
Module: DW01_inc_width2, Ports: 4, Input: 2, Output: 2, Inout: 0
Module: DW01_inc_width2, Registers: 0, Async set/reset: 0, Sync set/reset: 0
Module: DW01_add_width2, Ports: 8, Input: 5, Output: 3, Inout: 0
Module: DW01_add_width2, Registers: 0, Async set/reset: 0, Sync set/reset: 0
Module: DW01_incdec_width2, Ports: 5, Input: 3, Output: 2, Inout: 0
Module: DW01_incdec_width2, Registers: 0, Async set/reset: 0, Sync set/reset: 0

  Updating timing information
Information: Updating design information... (UID-85)
Information: Design 'usb_tx' has no optimization constraints set. (OPT-108)

  Beginning Implementation Selection
  ----------------------------------
  Processing 'usb_tx_DW01_inc_0_DW01_inc_3'

  Beginning Mapping Optimizations  (Medium effort)
  -------------------------------
  Structuring 'flex_sr_SIZE8'
  Mapping 'flex_sr_SIZE8'
  Structuring 'flex_counter_SIZE4'
  Mapping 'flex_counter_SIZE4'
  Structuring 'usb_tx'
  Mapping 'usb_tx'

                                  TOTAL                                      
   ELAPSED            WORST NEG   SETUP    DESIGN                            
    TIME      AREA      SLACK     COST    RULE COST         ENDPOINT         
  --------- --------- --------- --------- --------- -------------------------
    0:00:01   83367.0      0.00       0.0       0.0                          
    0:00:01   83367.0      0.00       0.0       0.0                          
    0:00:01   83367.0      0.00       0.0       0.0                          
    0:00:01   83367.0      0.00       0.0       0.0                          
    0:00:01   83367.0      0.00       0.0       0.0                          
    0:00:01   83367.0      0.00       0.0       0.0                          
    0:00:01   83367.0      0.00       0.0       0.0                          
    0:00:01   83367.0      0.00       0.0       0.0                          
    0:00:01   83367.0      0.00       0.0       0.0                          
    0:00:01   83367.0      0.00       0.0       0.0                          
    0:00:01   83367.0      0.00       0.0       0.0                          
    0:00:01   83367.0      0.00       0.0       0.0                          



  Beginning Delay Optimization Phase
  ----------------------------------

                                  TOTAL                                      
   ELAPSED            WORST NEG   SETUP    DESIGN                            
    TIME      AREA      SLACK     COST    RULE COST         ENDPOINT         
  --------- --------- --------- --------- --------- -------------------------
    0:00:01   83367.0      0.00       0.0       0.0                          
    0:00:01   83367.0      0.00       0.0       0.0                          
    0:00:01   83367.0      0.00       0.0       0.0                          
    0:00:01   83367.0      0.00       0.0       0.0                          
    0:00:01   83367.0      0.00       0.0       0.0                          


  Beginning Area-Recovery Phase  (cleanup)
  -----------------------------

                                  TOTAL                                      
   ELAPSED            WORST NEG   SETUP    DESIGN                            
    TIME      AREA      SLACK     COST    RULE COST         ENDPOINT         
  --------- --------- --------- --------- --------- -------------------------
    0:00:01   83367.0      0.00       0.0       0.0                          
    0:00:01   83367.0      0.00       0.0       0.0                          
    0:00:01   83367.0      0.00       0.0       0.0                          
    0:00:01   83367.0      0.00       0.0       0.0                          
    0:00:01   83367.0      0.00       0.0       0.0                          
    0:00:01   83367.0      0.00       0.0       0.0                          
    0:00:01   83367.0      0.00       0.0       0.0                          
    0:00:01   83367.0      0.00       0.0       0.0                          
    0:00:01   83367.0      0.00       0.0       0.0                          
    0:00:01   83367.0      0.00       0.0       0.0                          
    0:00:01   83367.0      0.00       0.0       0.0                          
Loading db file '/home/ecegrid/a/ece337/summer24-refactor/tech/ami05/osu05_stdcells.db'


Note: Symbol # after min delay cost means estimated hold TNS across all active scenarios 


  Optimization Complete
  ---------------------
CPU Load: 17%, Ram Free: 61 GB, Swap Free: 60 GB, Work Disk Free: 420 GB, Tmp Disk Free: 18 GB
Information: Total number of MV cells in the design.
----------------------------------------------------------------------------------------------------
 MV Cells                                           Total Number                                   
----------------------------------------------------------------------------------------------------
 Level Shifter:                                     0                                             
 Enable Level Shifter:                              0                                             
 Isolation Cell:                                    0                                             
 Retention Cell:                                    0                                             
 Retention Clamp Cell:                              0                                             
 Switch Cell:                                       0                                             
 Always-On Cell:                                    0                                             
 Repeater Cell:                                     0                                             

----------------------------------------------------------------------------------------------------
Unmapped MV Cells 
----------------------------------------------------------------------------------------------------
0 Isolation Cells are unmapped 
0 Retention Clamp Cells are unmapped 
----------------------------------------------------------------------------------------------------
 
****************************************
check_design summary:
Version:     W-2024.09-SP4
Date:        Wed Apr 15 21:47:50 2026
****************************************

                   Name                                            Total
--------------------------------------------------------------------------------
Inputs/Outputs                                                      1
    Shorted outputs (LINT-31)                                       1

Cells                                                               4
    Connected to power or ground (LINT-32)                          3
    Nets connected to multiple pins on same cell (LINT-33)          1
--------------------------------------------------------------------------------

Warning: In design 'flex_sr_SIZE8', output port 'serial_out' is connected directly to output port 'parallel_out[0]'. (LINT-31)
Warning: In design 'usb_tx', a pin on submodule 'clk_div' is connected to logic 1 or logic 0. (LINT-32)
   Pin 'clear' is connected to logic 0. 
Warning: In design 'usb_tx', a pin on submodule 'clk_div' is connected to logic 1 or logic 0. (LINT-32)
   Pin 'count_enable' is connected to logic 1. 
Warning: In design 'usb_tx', a pin on submodule 'data_sr' is connected to logic 1 or logic 0. (LINT-32)
   Pin 'serial_in' is connected to logic 0. 
Warning: In design 'usb_tx', the same net is connected to more than one pin on submodule 'clk_div'. (LINT-33)
   Net 'rollover_val[2]' is connected to pins 'rollover_val[2]', 'rollover_val[1]'', 'rollover_val[0]'.
Writing verilog file '/home/ecegridfs/a/337mg193/ECE337_CDL_Group_43/tmp/build/u337mg158_ece337_usb_tx_1.0.0/syn-design_compiler/usb_tx.v'.

Memory usage for this session 141 Mbytes.
Memory usage for this session including child processes 141 Mbytes.
CPU usage for this session 4 seconds ( 0.00 hours ).
Elapsed time for this session 4 seconds ( 0.00 hours ).

Thank you...
